# JRE version: OpenJDK Runtime Environment (11.0.7+10) (build 11.0.7+10-post-Ubuntu-2ubuntu218.04)
# Java VM: OpenJDK 64-Bit Server VM (11.0.7+10-post-Ubuntu-2ubuntu218.04, mixed mode, sharing, tiered, compressed oops, serial gc, linux-amd64)
Heap:
 def new generation   total 2432K, used 2033K [0x00000000f8000000, 0x00000000f82a0000, 0x00000000faaa0000)
  eden space 2176K,  92% used [0x00000000f8000000, 0x00000000f81f9a98, 0x00000000f8220000)
  from space 256K,   4% used [0x00000000f8260000, 0x00000000f8262990, 0x00000000f82a0000)
  to   space 256K,   0% used [0x00000000f8220000, 0x00000000f8220000, 0x00000000f8260000)
 tenured generation   total 5504K, used 2482K [0x00000000faaa0000, 0x00000000fb000000, 0x0000000100000000)
   the space 5504K,  45% used [0x00000000faaa0000, 0x00000000fad0c8c0, 0x00000000fad0ca00, 0x00000000fb000000)
 Metaspace       used 10213K, capacity 10754K, committed 10880K, reserved 1058816K
  class space    used 1112K, capacity 1383K, committed 1408K, reserved 1048576K
GC Heap History (14 events):
Event: 0.907 GC heap before
{Heap before GC invocations=0 (full 0):
 def new generation   total 2432K, used 2176K [0x00000000f8000000, 0x00000000f82a0000, 0x00000000faaa0000)
  eden space 2176K, 100% used [0x00000000f8000000, 0x00000000f8220000, 0x00000000f8220000)
  from space 256K,   0% used [0x00000000f8220000, 0x00000000f8220000, 0x00000000f8260000)
  to   space 256K,   0% used [0x00000000f8260000, 0x00000000f8260000, 0x00000000f82a0000)
 tenured generation   total 5504K, used 0K [0x00000000faaa0000, 0x00000000fb000000, 0x0000000100000000)
   the space 5504K,   0% used [0x00000000faaa0000, 0x00000000faaa0000, 0x00000000faaa0200, 0x00000000fb000000)
 Metaspace       used 1344K, capacity 4670K, committed 4864K, reserved 1056768K
  class space    used 138K, capacity 472K, committed 512K, reserved 1048576K
}
Event: 0.914 GC heap after
{Heap after GC invocations=1 (full 0):
 def new generation   total 2432K, used 256K [0x00000000f8000000, 0x00000000f82a0000, 0x00000000faaa0000)
  eden space 2176K,   0% used [0x00000000f8000000, 0x00000000f8000000, 0x00000000f8220000)
  from space 256K, 100% used [0x00000000f8260000, 0x00000000f82a0000, 0x00000000f82a0000)
  to   space 256K,   0% used [0x00000000f8220000, 0x00000000f8220000, 0x00000000f8260000)
 tenured generation   total 5504K, used 660K [0x00000000faaa0000, 0x00000000fb000000, 0x0000000100000000)
   the space 5504K,  12% used [0x00000000faaa0000, 0x00000000fab452e0, 0x00000000fab45400, 0x00000000fb000000)
 Metaspace       used 1344K, capacity 4670K, committed 4864K, reserved 1056768K
  class space    used 138K, capacity 472K, committed 512K, reserved 1048576K
}
Event: 7.455 GC heap before
{Heap before GC invocations=1 (full 0):
 def new generation   total 2432K, used 2432K [0x00000000f8000000, 0x00000000f82a0000, 0x00000000faaa0000)
  eden space 2176K, 100% used [0x00000000f8000000, 0x00000000f8220000, 0x00000000f8220000)
  from space 256K, 100% used [0x00000000f8260000, 0x00000000f82a0000, 0x00000000f82a0000)
  to   space 256K,   0% used [0x00000000f8220000, 0x00000000f8220000, 0x00000000f8260000)
 tenured generation   total 5504K, used 660K [0x00000000faaa0000, 0x00000000fb000000, 0x0000000100000000)
   the space 5504K,  12% used [0x00000000faaa0000, 0x00000000fab452e0, 0x00000000fab45400, 0x00000000fb000000)
 Metaspace       used 4038K, capacity 4902K, committed 4992K, reserved 1056768K
  class space    used 410K, capacity 557K, committed 640K, reserved 1048576K
}
Event: 7.475 GC heap after
{Heap after GC invocations=2 (full 0):
 def new generation   total 2432K, used 255K [0x00000000f8000000, 0x00000000f82a0000, 0x00000000faaa0000)
  eden space 2176K,   0% used [0x00000000f8000000, 0x00000000f8000000, 0x00000000f8220000)
  from space 256K,  99% used [0x00000000f8220000, 0x00000000f825fff8, 0x00000000f8260000)
  to   space 256K,   0% used [0x00000000f8260000, 0x00000000f8260000, 0x00000000f82a0000)
 tenured generation   total 5504K, used 1133K [0x00000000faaa0000, 0x00000000fb000000, 0x0000000100000000)
   the space 5504K,  20% used [0x00000000faaa0000, 0x00000000fabbb4c0, 0x00000000fabbb600, 0x00000000fb000000)
 Metaspace       used 4038K, capacity 4902K, committed 4992K, reserved 1056768K
  class space    used 410K, capacity 557K, committed 640K, reserved 1048576K
}
Event: 8.434 GC heap before
{Heap before GC invocations=2 (full 0):
 def new generation   total 2432K, used 2431K [0x00000000f8000000, 0x00000000f82a0000, 0x00000000faaa0000)
  eden space 2176K, 100% used [0x00000000f8000000, 0x00000000f8220000, 0x00000000f8220000)
  from space 256K,  99% used [0x00000000f8220000, 0x00000000f825fff8, 0x00000000f8260000)
  to   space 256K,   0% used [0x00000000f8260000, 0x00000000f8260000, 0x00000000f82a0000)
 tenured generation   total 5504K, used 1133K [0x00000000faaa0000, 0x00000000fb000000, 0x0000000100000000)
   the space 5504K,  20% used [0x00000000faaa0000, 0x00000000fabbb4c0, 0x00000000fabbb600, 0x00000000fb000000)
 Metaspace       used 5976K, capacity 6322K, committed 6528K, reserved 1056768K
  class space    used 675K, capacity 843K, committed 896K, reserved 1048576K
}
Event: 8.442 GC heap after
{Heap after GC invocations=3 (full 0):
 def new generation   total 2432K, used 256K [0x00000000f8000000, 0x00000000f82a0000, 0x00000000faaa0000)
  eden space 2176K,   0% used [0x00000000f8000000, 0x00000000f8000000, 0x00000000f8220000)
  from space 256K, 100% used [0x00000000f8260000, 0x00000000f82a0000, 0x00000000f82a0000)
  to   space 256K,   0% used [0x00000000f8220000, 0x00000000f8220000, 0x00000000f8260000)
 tenured generation   total 5504K, used 1564K [0x00000000faaa0000, 0x00000000fb000000, 0x0000000100000000)
   the space 5504K,  28% used [0x00000000faaa0000, 0x00000000fac271b8, 0x00000000fac27200, 0x00000000fb000000)
 Metaspace       used 5976K, capacity 6322K, committed 6528K, reserved 1056768K
  class space    used 675K, capacity 843K, committed 896K, reserved 1048576K
}
Event: 9.438 GC heap before
{Heap before GC invocations=3 (full 0):
 def new generation   total 2432K, used 2432K [0x00000000f8000000, 0x00000000f82a0000, 0x00000000faaa0000)
  eden space 2176K, 100% used [0x00000000f8000000, 0x00000000f8220000, 0x00000000f8220000)
  from space 256K, 100% used [0x00000000f8260000, 0x00000000f82a0000, 0x00000000f82a0000)
  to   space 256K,   0% used [0x00000000f8220000, 0x00000000f8220000, 0x00000000f8260000)
 tenured generation   total 5504K, used 1564K [0x00000000faaa0000, 0x00000000fb000000, 0x0000000100000000)
   the space 5504K,  28% used [0x00000000faaa0000, 0x00000000fac271b8, 0x00000000fac27200, 0x00000000fb000000)
 Metaspace       used 7656K, capacity 8082K, committed 8320K, reserved 1056768K
  class space    used 878K, capacity 1113K, committed 1152K, reserved 1048576K
}
Event: 9.446 GC heap after
{Heap after GC invocations=4 (full 0):
 def new generation   total 2432K, used 256K [0x00000000f8000000, 0x00000000f82a0000, 0x00000000faaa0000)
  eden space 2176K,   0% used [0x00000000f8000000, 0x00000000f8000000, 0x00000000f8220000)
  from space 256K, 100% used [0x00000000f8220000, 0x00000000f8260000, 0x00000000f8260000)
  to   space 256K,   0% used [0x00000000f8260000, 0x00000000f8260000, 0x00000000f82a0000)
 tenured generation   total 5504K, used 1896K [0x00000000faaa0000, 0x00000000fb000000, 0x0000000100000000)
   the space 5504K,  34% used [0x00000000faaa0000, 0x00000000fac7a368, 0x00000000fac7a400, 0x00000000fb000000)
 Metaspace       used 7656K, capacity 8082K, committed 8320K, reserved 1056768K
  class space    used 878K, capacity 1113K, committed 1152K, reserved 1048576K
}
Event: 9.827 GC heap before
{Heap before GC invocations=4 (full 0):
 def new generation   total 2432K, used 2432K [0x00000000f8000000, 0x00000000f82a0000, 0x00000000faaa0000)
  eden space 2176K, 100% used [0x00000000f8000000, 0x00000000f8220000, 0x00000000f8220000)
  from space 256K, 100% used [0x00000000f8220000, 0x00000000f8260000, 0x00000000f8260000)
  to   space 256K,   0% used [0x00000000f8260000, 0x00000000f8260000, 0x00000000f82a0000)
 tenured generation   total 5504K, used 1896K [0x00000000faaa0000, 0x00000000fb000000, 0x0000000100000000)
   the space 5504K,  34% used [0x00000000faaa0000, 0x00000000fac7a368, 0x00000000fac7a400, 0x00000000fb000000)
 Metaspace       used 7936K, capacity 8435K, committed 8704K, reserved 1056768K
  class space    used 929K, capacity 1188K, committed 1280K, reserved 1048576K
}
Event: 9.830 GC heap after
{Heap after GC invocations=5 (full 0):
 def new generation   total 2432K, used 202K [0x00000000f8000000, 0x00000000f82a0000, 0x00000000faaa0000)
  eden space 2176K,   0% used [0x00000000f8000000, 0x00000000f8000000, 0x00000000f8220000)
  from space 256K,  79% used [0x00000000f8260000, 0x00000000f8292978, 0x00000000f82a0000)
  to   space 256K,   0% used [0x00000000f8220000, 0x00000000f8220000, 0x00000000f8260000)
 tenured generation   total 5504K, used 2144K [0x00000000faaa0000, 0x00000000fb000000, 0x0000000100000000)
   the space 5504K,  38% used [0x00000000faaa0000, 0x00000000facb8208, 0x00000000facb8400, 0x00000000fb000000)
 Metaspace       used 7936K, capacity 8435K, committed 8704K, reserved 1056768K
  class space    used 929K, capacity 1188K, committed 1280K, reserved 1048576K
}
Event: 26.877 GC heap before
{Heap before GC invocations=5 (full 0):
 def new generation   total 2432K, used 2378K [0x00000000f8000000, 0x00000000f82a0000, 0x00000000faaa0000)
  eden space 2176K, 100% used [0x00000000f8000000, 0x00000000f8220000, 0x00000000f8220000)
  from space 256K,  79% used [0x00000000f8260000, 0x00000000f8292978, 0x00000000f82a0000)
  to   space 256K,   0% used [0x00000000f8220000, 0x00000000f8220000, 0x00000000f8260000)
 tenured generation   total 5504K, used 2144K [0x00000000faaa0000, 0x00000000fb000000, 0x0000000100000000)
   the space 5504K,  38% used [0x00000000faaa0000, 0x00000000facb8208, 0x00000000facb8400, 0x00000000fb000000)
 Metaspace       used 9769K, capacity 10270K, committed 10624K, reserved 1058816K
  class space    used 1099K, capacity 1351K, committed 1408K, reserved 1048576K
}
Event: 26.880 GC heap after
{Heap after GC invocations=6 (full 0):
 def new generation   total 2432K, used 158K [0x00000000f8000000, 0x00000000f82a0000, 0x00000000faaa0000)
  eden space 2176K,   0% used [0x00000000f8000000, 0x00000000f8000000, 0x00000000f8220000)
  from space 256K,  61% used [0x00000000f8220000, 0x00000000f8247920, 0x00000000f8260000)
  to   space 256K,   0% used [0x00000000f8260000, 0x00000000f8260000, 0x00000000f82a0000)
 tenured generation   total 5504K, used 2333K [0x00000000faaa0000, 0x00000000fb000000, 0x0000000100000000)
   the space 5504K,  42% used [0x00000000faaa0000, 0x00000000face7568, 0x00000000face7600, 0x00000000fb000000)
 Metaspace       used 9769K, capacity 10270K, committed 10624K, reserved 1058816K
  class space    used 1099K, capacity 1351K, committed 1408K, reserved 1048576K
}
Event: 516.801 GC heap before
{Heap before GC invocations=6 (full 0):
 def new generation   total 2432K, used 2334K [0x00000000f8000000, 0x00000000f82a0000, 0x00000000faaa0000)
  eden space 2176K, 100% used [0x00000000f8000000, 0x00000000f8220000, 0x00000000f8220000)
  from space 256K,  61% used [0x00000000f8220000, 0x00000000f8247920, 0x00000000f8260000)
  to   space 256K,   0% used [0x00000000f8260000, 0x00000000f8260000, 0x00000000f82a0000)
 tenured generation   total 5504K, used 2333K [0x00000000faaa0000, 0x00000000fb000000, 0x0000000100000000)
   the space 5504K,  42% used [0x00000000faaa0000, 0x00000000face7568, 0x00000000face7600, 0x00000000fb000000)
 Metaspace       used 9928K, capacity 10402K, committed 10624K, reserved 1058816K
  class space    used 1099K, capacity 1351K, committed 1408K, reserved 1048576K
}
Event: 516.805 GC heap after
{Heap after GC invocations=7 (full 0):
 def new generation   total 2432K, used 10K [0x00000000f8000000, 0x00000000f82a0000, 0x00000000faaa0000)
  eden space 2176K,   0% used [0x00000000f8000000, 0x00000000f8000000, 0x00000000f8220000)
  from space 256K,   4% used [0x00000000f8260000, 0x00000000f8262990, 0x00000000f82a0000)
  to   space 256K,   0% used [0x00000000f8220000, 0x00000000f8220000, 0x00000000f8260000)
 tenured generation   total 5504K, used 2482K [0x00000000faaa0000, 0x00000000fb000000, 0x0000000100000000)
   the space 5504K,  45% used [0x00000000faaa0000, 0x00000000fad0c8c0, 0x00000000fad0ca00, 0x00000000fb000000)
 Metaspace       used 9928K, capacity 10402K, committed 10624K, reserved 1058816K
  class space    used 1099K, capacity 1351K, committed 1408K, reserved 1048576K
}

